# JRE version: OpenJDK Runtime Environment (8.0_152-b02) (build 1.8.0_152-release-1024-b02)
# Java VM: OpenJDK 64-Bit Server VM (25.152-b02 mixed mode windows-amd64 compressed oops)
Heap:
 PSYoungGen      total 68096K, used 13431K [0x00000000e0000000, 0x00000000e4500000, 0x0000000100000000)
  eden space 65536K, 16% used [0x00000000e0000000,0x00000000e0a9dce8,0x00000000e4000000)
  from space 2560K, 100% used [0x00000000e4280000,0x00000000e4500000,0x00000000e4500000)
  to   space 2560K, 0% used [0x00000000e4000000,0x00000000e4000000,0x00000000e4280000)
 ParOldGen       total 42496K, used 15812K [0x00000000a0000000, 0x00000000a2980000, 0x00000000e0000000)
  object space 42496K, 37% used [0x00000000a0000000,0x00000000a0f71110,0x00000000a2980000)
 Metaspace       used 27049K, capacity 27732K, committed 28032K, reserved 1073152K
  class space    used 3704K, capacity 3886K, committed 3968K, reserved 1048576K
GC Heap History (10 events):
Event: 3.651 GC heap before
{Heap before GC invocations=3 (full 0):
 PSYoungGen      total 35328K, used 35327K [0x00000000e0000000, 0x00000000e2500000, 0x0000000100000000)
  eden space 32768K, 100% used [0x00000000e0000000,0x00000000e2000000,0x00000000e2000000)
  from space 2560K, 99% used [0x00000000e2280000,0x00000000e24ffce8,0x00000000e2500000)
  to   space 2560K, 0% used [0x00000000e2000000,0x00000000e2000000,0x00000000e2280000)
 ParOldGen       total 44032K, used 485K [0x00000000a0000000, 0x00000000a2b00000, 0x00000000e0000000)
  object space 44032K, 1% used [0x00000000a0000000,0x00000000a0079680,0x00000000a2b00000)
 Metaspace       used 11469K, capacity 11852K, committed 12160K, reserved 1060864K
  class space    used 1514K, capacity 1632K, committed 1664K, reserved 1048576K
Event: 3.665 GC heap after
Heap after GC invocations=3 (full 0):
 PSYoungGen      total 35328K, used 2528K [0x00000000e0000000, 0x00000000e4500000, 0x0000000100000000)
  eden space 32768K, 0% used [0x00000000e0000000,0x00000000e0000000,0x00000000e2000000)
  from space 2560K, 98% used [0x00000000e2000000,0x00000000e2278020,0x00000000e2280000)
  to   space 2560K, 0% used [0x00000000e4280000,0x00000000e4280000,0x00000000e4500000)
 ParOldGen       total 44032K, used 3499K [0x00000000a0000000, 0x00000000a2b00000, 0x00000000e0000000)
  object space 44032K, 7% used [0x00000000a0000000,0x00000000a036ad20,0x00000000a2b00000)
 Metaspace       used 11469K, capacity 11852K, committed 12160K, reserved 1060864K
  class space    used 1514K, capacity 1632K, committed 1664K, reserved 1048576K
}
Event: 5.681 GC heap before
{Heap before GC invocations=4 (full 0):
 PSYoungGen      total 35328K, used 35296K [0x00000000e0000000, 0x00000000e4500000, 0x0000000100000000)
  eden space 32768K, 100% used [0x00000000e0000000,0x00000000e2000000,0x00000000e2000000)
  from space 2560K, 98% used [0x00000000e2000000,0x00000000e2278020,0x00000000e2280000)
  to   space 2560K, 0% used [0x00000000e4280000,0x00000000e4280000,0x00000000e4500000)
 ParOldGen       total 44032K, used 3499K [0x00000000a0000000, 0x00000000a2b00000, 0x00000000e0000000)
  object space 44032K, 7% used [0x00000000a0000000,0x00000000a036ad20,0x00000000a2b00000)
 Metaspace       used 14420K, capacity 14782K, committed 14976K, reserved 1062912K
  class space    used 2009K, capacity 2127K, committed 2176K, reserved 1048576K
Event: 5.706 GC heap after
Heap after GC invocations=4 (full 0):
 PSYoungGen      total 68096K, used 2528K [0x00000000e0000000, 0x00000000e4500000, 0x0000000100000000)
  eden space 65536K, 0% used [0x00000000e0000000,0x00000000e0000000,0x00000000e4000000)
  from space 2560K, 98% used [0x00000000e4280000,0x00000000e44f8020,0x00000000e4500000)
  to   space 2560K, 0% used [0x00000000e4000000,0x00000000e4000000,0x00000000e4280000)
 ParOldGen       total 44032K, used 7207K [0x00000000a0000000, 0x00000000a2b00000, 0x00000000e0000000)
  object space 44032K, 16% used [0x00000000a0000000,0x00000000a0709c50,0x00000000a2b00000)
 Metaspace       used 14420K, capacity 14782K, committed 14976K, reserved 1062912K
  class space    used 2009K, capacity 2127K, committed 2176K, reserved 1048576K
}
Event: 12.139 GC heap before
{Heap before GC invocations=5 (full 0):
 PSYoungGen      total 68096K, used 49901K [0x00000000e0000000, 0x00000000e4500000, 0x0000000100000000)
  eden space 65536K, 72% used [0x00000000e0000000,0x00000000e2e43668,0x00000000e4000000)
  from space 2560K, 98% used [0x00000000e4280000,0x00000000e44f8020,0x00000000e4500000)
  to   space 2560K, 0% used [0x00000000e4000000,0x00000000e4000000,0x00000000e4280000)
 ParOldGen       total 44032K, used 7207K [0x00000000a0000000, 0x00000000a2b00000, 0x00000000e0000000)
  object space 44032K, 16% used [0x00000000a0000000,0x00000000a0709c50,0x00000000a2b00000)
 Metaspace       used 20785K, capacity 21208K, committed 21248K, reserved 1067008K
  class space    used 2900K, capacity 3043K, committed 3072K, reserved 1048576K
Event: 12.162 GC heap after
Heap after GC invocations=5 (full 0):
 PSYoungGen      total 68096K, used 2548K [0x00000000e0000000, 0x00000000e4500000, 0x0000000100000000)
  eden space 65536K, 0% used [0x00000000e0000000,0x00000000e0000000,0x00000000e4000000)
  from space 2560K, 99% used [0x00000000e4000000,0x00000000e427d040,0x00000000e4280000)
  to   space 2560K, 0% used [0x00000000e4280000,0x00000000e4280000,0x00000000e4500000)
 ParOldGen       total 44032K, used 13832K [0x00000000a0000000, 0x00000000a2b00000, 0x00000000e0000000)
  object space 44032K, 31% used [0x00000000a0000000,0x00000000a0d82178,0x00000000a2b00000)
 Metaspace       used 20785K, capacity 21208K, committed 21248K, reserved 1067008K
  class space    used 2900K, capacity 3043K, committed 3072K, reserved 1048576K
}
Event: 12.162 GC heap before
{Heap before GC invocations=6 (full 1):
 PSYoungGen      total 68096K, used 2548K [0x00000000e0000000, 0x00000000e4500000, 0x0000000100000000)
  eden space 65536K, 0% used [0x00000000e0000000,0x00000000e0000000,0x00000000e4000000)
  from space 2560K, 99% used [0x00000000e4000000,0x00000000e427d040,0x00000000e4280000)
  to   space 2560K, 0% used [0x00000000e4280000,0x00000000e4280000,0x00000000e4500000)
 ParOldGen       total 44032K, used 13832K [0x00000000a0000000, 0x00000000a2b00000, 0x00000000e0000000)
  object space 44032K, 31% used [0x00000000a0000000,0x00000000a0d82178,0x00000000a2b00000)
 Metaspace       used 20785K, capacity 21208K, committed 21248K, reserved 1067008K
  class space    used 2900K, capacity 3043K, committed 3072K, reserved 1048576K
Event: 12.357 GC heap after
Heap after GC invocations=6 (full 1):
 PSYoungGen      total 68096K, used 0K [0x00000000e0000000, 0x00000000e4500000, 0x0000000100000000)
  eden space 65536K, 0% used [0x00000000e0000000,0x00000000e0000000,0x00000000e4000000)
  from space 2560K, 0% used [0x00000000e4000000,0x00000000e4000000,0x00000000e4280000)
  to   space 2560K, 0% used [0x00000000e4280000,0x00000000e4280000,0x00000000e4500000)
 ParOldGen       total 42496K, used 11559K [0x00000000a0000000, 0x00000000a2980000, 0x00000000e0000000)
  object space 42496K, 27% used [0x00000000a0000000,0x00000000a0b49fe0,0x00000000a2980000)
 Metaspace       used 20785K, capacity 21208K, committed 21248K, reserved 1067008K
  class space    used 2900K, capacity 3043K, committed 3072K, reserved 1048576K
}
Event: 20.779 GC heap before
{Heap before GC invocations=7 (full 1):
 PSYoungGen      total 68096K, used 65536K [0x00000000e0000000, 0x00000000e4500000, 0x0000000100000000)
  eden space 65536K, 100% used [0x00000000e0000000,0x00000000e4000000,0x00000000e4000000)
  from space 2560K, 0% used [0x00000000e4000000,0x00000000e4000000,0x00000000e4280000)
  to   space 2560K, 0% used [0x00000000e4280000,0x00000000e4280000,0x00000000e4500000)
 ParOldGen       total 42496K, used 11559K [0x00000000a0000000, 0x00000000a2980000, 0x00000000e0000000)
  object space 42496K, 27% used [0x00000000a0000000,0x00000000a0b49fe0,0x00000000a2980000)
 Metaspace       used 26526K, capacity 27056K, committed 27136K, reserved 1073152K
  class space    used 3643K, capacity 3813K, committed 3840K, reserved 1048576K
Event: 20.796 GC heap after
Heap after GC invocations=7 (full 1):
 PSYoungGen      total 68096K, used 2560K [0x00000000e0000000, 0x00000000e4500000, 0x0000000100000000)
  eden space 65536K, 0% used [0x00000000e0000000,0x00000000e0000000,0x00000000e4000000)
  from space 2560K, 100% used [0x00000000e4280000,0x00000000e4500000,0x00000000e4500000)
  to   space 2560K, 0% used [0x00000000e4000000,0x00000000e4000000,0x00000000e4280000)
 ParOldGen       total 42496K, used 15812K [0x00000000a0000000, 0x00000000a2980000, 0x00000000e0000000)
  object space 42496K, 37% used [0x00000000a0000000,0x00000000a0f71110,0x00000000a2980000)
 Metaspace       used 26526K, capacity 27056K, committed 27136K, reserved 1073152K
  class space    used 3643K, capacity 3813K, committed 3840K, reserved 1048576K
}

